<?xml version="1.0" encoding="UTF-8"?>
<!-- Generated by org.testng.reporters.JUnitReportReporter -->
<testsuite hostname="DESKTOP-L558MLK" failures="0" tests="1" name="Tests.GoogleSearchTestCases" time="10.345" errors="0" timestamp="2021-12-27T21:17:50 EET" skipped="0">
  <testcase classname="Tests.GoogleSearchTestCases" name="googleSearchTest_01" time="10.345"/>
  <system-out/>
</testsuite> <!-- Tests.GoogleSearchTestCases -->
